0 info it worked if it ends with ok
1 verbose cli [ '/usr/local/node/bin/node',
1 verbose cli   '/usr/local/node/bin/npm',
1 verbose cli   'publish' ]
2 info using npm@3.10.10
3 info using node@v6.9.3
4 verbose publish [ '.' ]
5 silly cache add args [ '.', null ]
6 verbose cache add spec .
7 silly cache add parsed spec Result {
7 silly cache add   raw: '.',
7 silly cache add   scope: null,
7 silly cache add   escapedName: null,
7 silly cache add   name: null,
7 silly cache add   rawSpec: '.',
7 silly cache add   spec: '/home/anydasa/Work/Projects/wsse-light',
7 silly cache add   type: 'directory' }
8 verbose addLocalDirectory /home/anydasa/.npm/wsse-light/0.0.1/package.tgz not in flight; packing
9 verbose correctMkdir /home/anydasa/.npm correctMkdir not in flight; initializing
10 info lifecycle wsse-light@0.0.1~prepublish: wsse-light@0.0.1
11 verbose lifecycle wsse-light@0.0.1~prepublish: unsafe-perm in lifecycle true
12 verbose lifecycle wsse-light@0.0.1~prepublish: PATH: /usr/local/node/lib/node_modules/npm/bin/node-gyp-bin:/home/anydasa/Work/Projects/wsse-light/node_modules/.bin:/usr/local/bin:/usr/bin:/bin:/usr/local/games:/usr/games:/home/anydasa/Android/Sdk/tools:/home/anydasa/Android/Sdk/platform-tools:/usr/local/node/bin:/usr/local/lib/jdk1.8.0_121/bin
13 verbose lifecycle wsse-light@0.0.1~prepublish: CWD: /home/anydasa/Work/Projects/wsse-light
14 silly lifecycle wsse-light@0.0.1~prepublish: Args: [ '-c', 'npm run build' ]
15 silly lifecycle wsse-light@0.0.1~prepublish: Returned: code: 0  signal: null
16 verbose tar pack [ '/home/anydasa/.npm/wsse-light/0.0.1/package.tgz',
16 verbose tar pack   '/home/anydasa/Work/Projects/wsse-light' ]
17 verbose tarball /home/anydasa/.npm/wsse-light/0.0.1/package.tgz
18 verbose folder /home/anydasa/Work/Projects/wsse-light
19 verbose addLocalTarball adding from inside cache /home/anydasa/.npm/wsse-light/0.0.1/package.tgz
20 verbose correctMkdir /home/anydasa/.npm correctMkdir not in flight; initializing
21 silly cache afterAdd wsse-light@0.0.1
22 verbose afterAdd /home/anydasa/.npm/wsse-light/0.0.1/package/package.json not in flight; writing
23 verbose correctMkdir /home/anydasa/.npm correctMkdir not in flight; initializing
24 verbose afterAdd /home/anydasa/.npm/wsse-light/0.0.1/package/package.json written
25 silly publish { name: 'wsse-light',
25 silly publish   version: '0.0.1',
25 silly publish   description: 'Web Services Security Extension (WSSE) Username Authentication Token',
25 silly publish   author: { name: 'Sykchin Artem', email: 'anydasa@gmail.com' },
25 silly publish   license: 'MIT',
25 silly publish   keywords:
25 silly publish    [ 'wsse',
25 silly publish      'soap',
25 silly publish      'authorization',
25 silly publish      'authentication',
25 silly publish      'oasis',
25 silly publish      'x-wsse',
25 silly publish      'header',
25 silly publish      'http' ],
25 silly publish   main: 'dist/index.js',
25 silly publish   dependencies: { 'crypto-js': '^3.1.9-1' },
25 silly publish   devDependencies: { 'babel-cli': '^6.24.1', 'babel-preset-es2015': '^6.24.1' },
25 silly publish   homepage: 'https://github.com/anydasa/wsse-light',
25 silly publish   repository:
25 silly publish    { type: 'git',
25 silly publish      url: 'git+https://github.com/anydasa/wsse-light.git' },
25 silly publish   bugs: { url: 'https://github.com/anydasa/wsse-light/issues' },
25 silly publish   directories: { test: 'test' },
25 silly publish   scripts:
25 silly publish    { build: 'babel ./src/index.js --presets babel-preset-es2015 --out-file ./dist/index.js',
25 silly publish      prepublish: 'npm run build' },
25 silly publish   readme: '# wsse-light',
25 silly publish   readmeFilename: 'README.md',
25 silly publish   gitHead: 'b0b920dcc22c27cf36bf9139938784598790040d',
25 silly publish   _id: 'wsse-light@0.0.1',
25 silly publish   _shasum: '7dcc6a69b0a885933252be64d74083baa229640b',
25 silly publish   _from: '.' }
26 verbose getPublishConfig undefined
27 silly mapToRegistry name wsse-light
28 silly mapToRegistry using default registry
29 silly mapToRegistry registry https://registry.npmjs.org/
30 silly mapToRegistry data Result {
30 silly mapToRegistry   raw: 'wsse-light',
30 silly mapToRegistry   scope: null,
30 silly mapToRegistry   escapedName: 'wsse-light',
30 silly mapToRegistry   name: 'wsse-light',
30 silly mapToRegistry   rawSpec: '',
30 silly mapToRegistry   spec: 'latest',
30 silly mapToRegistry   type: 'tag' }
31 silly mapToRegistry uri https://registry.npmjs.org/wsse-light
32 verbose publish registryBase https://registry.npmjs.org/
33 silly publish uploading /home/anydasa/.npm/wsse-light/0.0.1/package.tgz
34 verbose request uri https://registry.npmjs.org/wsse-light
35 verbose request sending authorization for write operation
36 info attempt registry request try #1 at 7:17:25 PM
37 verbose request using bearer token for auth
38 verbose request id 8ff771d39cc6c0d4
39 http request PUT https://registry.npmjs.org/wsse-light
40 http 403 https://registry.npmjs.org/wsse-light
41 verbose headers { 'content-type': 'application/json',
41 verbose headers   'cache-control': 'max-age=300',
41 verbose headers   'content-length': '95',
41 verbose headers   'accept-ranges': 'bytes',
41 verbose headers   date: 'Thu, 22 Jun 2017 16:17:27 GMT',
41 verbose headers   via: '1.1 varnish',
41 verbose headers   connection: 'keep-alive',
41 verbose headers   'x-served-by': 'cache-hhn1549-HHN',
41 verbose headers   'x-cache': 'MISS',
41 verbose headers   'x-cache-hits': '0',
41 verbose headers   'x-timer': 'S1498148246.952561,VS0,VE1064',
41 verbose headers   vary: 'Accept-Encoding' }
42 verbose request invalidating /home/anydasa/.npm/registry.npmjs.org/wsse-light on PUT
43 error publish Failed PUT 403
44 verbose stack Error: "You cannot publish over the previously published version 0.0.1." : wsse-light
44 verbose stack     at makeError (/usr/local/node/lib/node_modules/npm/node_modules/npm-registry-client/lib/request.js:302:12)
44 verbose stack     at CachingRegistryClient.<anonymous> (/usr/local/node/lib/node_modules/npm/node_modules/npm-registry-client/lib/request.js:290:14)
44 verbose stack     at Request._callback (/usr/local/node/lib/node_modules/npm/node_modules/npm-registry-client/lib/request.js:210:14)
44 verbose stack     at Request.self.callback (/usr/local/node/lib/node_modules/npm/node_modules/request/request.js:187:22)
44 verbose stack     at emitTwo (events.js:106:13)
44 verbose stack     at Request.emit (events.js:191:7)
44 verbose stack     at Request.<anonymous> (/usr/local/node/lib/node_modules/npm/node_modules/request/request.js:1048:10)
44 verbose stack     at emitOne (events.js:96:13)
44 verbose stack     at Request.emit (events.js:188:7)
44 verbose stack     at IncomingMessage.<anonymous> (/usr/local/node/lib/node_modules/npm/node_modules/request/request.js:969:12)
45 verbose statusCode 403
46 verbose pkgid wsse-light
47 verbose cwd /home/anydasa/Work/Projects/wsse-light
48 error Linux 4.8.0-0.bpo.2-amd64
49 error argv "/usr/local/node/bin/node" "/usr/local/node/bin/npm" "publish"
50 error node v6.9.3
51 error npm  v3.10.10
52 error code E403
53 error "You cannot publish over the previously published version 0.0.1." : wsse-light
54 error If you need help, you may report this error at:
54 error     <https://github.com/npm/npm/issues>
55 verbose exit [ 1, true ]
